<?xml version="1.0" encoding="UTF-8"?>
<testng-results total="1" passed="0" failed="1" skipped="0">
  <reporter-output>
  </reporter-output>
  <suite started-at="2024-01-21T20:52:38Z" name="Default suite" finished-at="2024-01-21T20:52:40Z" duration-ms="1964">
    <groups>
    </groups>
    <test started-at="2024-01-21T20:52:38Z" name="Default test" finished-at="2024-01-21T20:52:40Z" duration-ms="1964">
      <class name="Pets.PetsTests">
        <test-method is-config="true" signature="Setup()[pri:0, instance:Pets.PetsTests@341814d3]" started-at="2024-01-21T21:52:38Z" name="Setup" finished-at="2024-01-21T21:52:38Z" duration-ms="6" status="PASS">
          <reporter-output>
          </reporter-output>
        </test-method> <!-- Setup -->
        <test-method signature="Find_Pets_By_Status()[pri:1, instance:Pets.PetsTests@341814d3]" started-at="2024-01-21T21:52:38Z" name="Find_Pets_By_Status" finished-at="2024-01-21T21:52:40Z" duration-ms="1949" status="FAIL">
          <exception class="java.lang.NullPointerException">
            <message>
              <![CDATA[Cannot invoke "String.toLowerCase()" because the return value of "java.util.List.get(int)" is null]]>
            </message>
            <full-stacktrace>
              <![CDATA[java.lang.NullPointerException: Cannot invoke "String.toLowerCase()" because the return value of "java.util.List.get(int)" is null
	at Commons.JsonFunctions.GetJsonListByTuple(JsonFunctions.java:23)
	at Pets.PetsTests.Find_Pets_By_Status(PetsTests.java:30)
	at java.base/jdk.internal.reflect.DirectMethodHandleAccessor.invoke(DirectMethodHandleAccessor.java:103)
	at java.base/java.lang.reflect.Method.invoke(Method.java:580)
	at org.testng.internal.MethodInvocationHelper.invokeMethod(MethodInvocationHelper.java:85)
	at org.testng.internal.Invoker.invokeMethod(Invoker.java:639)
	at org.testng.internal.Invoker.invokeTestMethod(Invoker.java:816)
	at org.testng.internal.Invoker.invokeTestMethods(Invoker.java:1124)
	at org.testng.internal.TestMethodWorker.invokeTestMethods(TestMethodWorker.java:125)
	at org.testng.internal.TestMethodWorker.run(TestMethodWorker.java:108)
	at org.testng.TestRunner.privateRun(TestRunner.java:774)
	at org.testng.TestRunner.run(TestRunner.java:624)
	at org.testng.SuiteRunner.runTest(SuiteRunner.java:359)
	at org.testng.SuiteRunner.runSequentially(SuiteRunner.java:354)
	at org.testng.SuiteRunner.privateRun(SuiteRunner.java:312)
	at org.testng.SuiteRunner.run(SuiteRunner.java:261)
	at org.testng.SuiteRunnerWorker.runSuite(SuiteRunnerWorker.java:52)
	at org.testng.SuiteRunnerWorker.run(SuiteRunnerWorker.java:86)
	at org.testng.TestNG.runSuitesSequentially(TestNG.java:1191)
	at org.testng.TestNG.runSuitesLocally(TestNG.java:1116)
	at org.testng.TestNG.run(TestNG.java:1024)
	at org.testng.remote.AbstractRemoteTestNG.run(AbstractRemoteTestNG.java:115)
	at org.testng.remote.RemoteTestNG.initAndRun(RemoteTestNG.java:251)
	at org.testng.remote.RemoteTestNG.main(RemoteTestNG.java:77)
]]>
            </full-stacktrace>
          </exception> <!-- java.lang.NullPointerException -->
          <reporter-output>
          </reporter-output>
        </test-method> <!-- Find_Pets_By_Status -->
      </class> <!-- Pets.PetsTests -->
    </test> <!-- Default test -->
  </suite> <!-- Default suite -->
</testng-results>
