<?xml version="1.0" encoding="UTF-8"?>
<testng-results total="2" passed="2" failed="0" skipped="0">
  <reporter-output>
    <line>
      <![CDATA[{
    "code": 200,
    "type": "unknown",
    "message": "9223372036854775807"
}]]>
    </line>
    <line>
      <![CDATA[{
    "id": 9223372036854775807,
    "username": "Didier",
    "firstName": "Didier Mauricio",
    "lastName": "Sanabria",
    "email": "didier@test.com",
    "password": "123abc",
    "phone": "681642780",
    "userStatus": 0
}]]>
    </line>
  </reporter-output>
  <suite started-at="2024-01-21T15:23:17Z" name="Default suite" finished-at="2024-01-21T15:23:20Z" duration-ms="2525">
    <groups>
    </groups>
    <test started-at="2024-01-21T15:23:17Z" name="Default test" finished-at="2024-01-21T15:23:20Z" duration-ms="2525">
      <class name="Users.UserTests">
        <test-method is-config="true" signature="Setup()[pri:0, instance:Users.UserTests@d278d2b]" started-at="2024-01-21T16:23:17Z" name="Setup" finished-at="2024-01-21T16:23:17Z" duration-ms="6" status="PASS">
          <reporter-output>
          </reporter-output>
        </test-method> <!-- Setup -->
        <test-method signature="Create_A_Single_NewUser()[pri:1, instance:Users.UserTests@d278d2b]" started-at="2024-01-21T16:23:17Z" name="Create_A_Single_NewUser" finished-at="2024-01-21T16:23:19Z" duration-ms="1594" status="PASS">
          <reporter-output>
            <line>
              <![CDATA[{
    "code": 200,
    "type": "unknown",
    "message": "9223372036854775807"
}]]>
            </line>
          </reporter-output>
        </test-method> <!-- Create_A_Single_NewUser -->
        <test-method signature="Search_An_ExistentUser()[pri:2, instance:Users.UserTests@d278d2b]" started-at="2024-01-21T16:23:19Z" name="Search_An_ExistentUser" finished-at="2024-01-21T16:23:20Z" duration-ms="917" status="PASS">
          <reporter-output>
            <line>
              <![CDATA[{
    "id": 9223372036854775807,
    "username": "Didier",
    "firstName": "Didier Mauricio",
    "lastName": "Sanabria",
    "email": "didier@test.com",
    "password": "123abc",
    "phone": "681642780",
    "userStatus": 0
}]]>
            </line>
          </reporter-output>
        </test-method> <!-- Search_An_ExistentUser -->
      </class> <!-- Users.UserTests -->
    </test> <!-- Default test -->
  </suite> <!-- Default suite -->
</testng-results>
